<?xml version="1.0" encoding="UTF-8"?>
<!-- Generated by org.testng.reporters.JUnitXMLReporter -->
<testsuite ignored="0" hostname="SwarajPatil" failures="0" tests="4" name="Test" time="53.392" errors="0" timestamp="2025-07-10T17:13:19 IST">
  <testcase classname="com.base.baseclass" name="@AfterClass TearDown" time="0.0">
    <failure type="java.lang.Error" message="Unresolved compilation problems: 
	sw cannot be resolved to a type
	Syntax error on token &amp;quot;.&amp;quot;, ; expected
	The method quit() is undefined for the type baseclass
">
      <![CDATA[java.lang.Error: Unresolved compilation problems: 
sw cannot be resolved to a type
Syntax error on token ".", ; expected
The method quit() is undefined for the type baseclass

at com.base.baseclass.TearDown(baseclass.java:46)
at java.base/java.util.ArrayList.forEach(ArrayList.java:1511)
... Removed 25 stack frames]]>
    </failure>
  </testcase> <!-- @AfterClass TearDown -->
  <testcase classname="com.base.baseclass" name="@AfterClass TearDown" time="0.0">
    <failure type="java.lang.Error" message="Unresolved compilation problems: 
	sw cannot be resolved to a type
	Syntax error on token &amp;quot;.&amp;quot;, ; expected
	The method quit() is undefined for the type baseclass
">
      <![CDATA[java.lang.Error: Unresolved compilation problems: 
sw cannot be resolved to a type
Syntax error on token ".", ; expected
The method quit() is undefined for the type baseclass

at com.base.baseclass.TearDown(baseclass.java:46)
at java.base/java.util.ArrayList.forEach(ArrayList.java:1511)
... Removed 25 stack frames]]>
    </failure>
  </testcase> <!-- @AfterClass TearDown -->
  <testcase classname="com.base.baseclass" name="@AfterClass TearDown" time="0.0">
    <failure type="java.lang.Error" message="Unresolved compilation problems: 
	sw cannot be resolved to a type
	Syntax error on token &amp;quot;.&amp;quot;, ; expected
	The method quit() is undefined for the type baseclass
">
      <![CDATA[java.lang.Error: Unresolved compilation problems: 
sw cannot be resolved to a type
Syntax error on token ".", ; expected
The method quit() is undefined for the type baseclass

at com.base.baseclass.TearDown(baseclass.java:46)
at java.base/java.util.ArrayList.forEach(ArrayList.java:1511)
... Removed 25 stack frames]]>
    </failure>
  </testcase> <!-- @AfterClass TearDown -->
  <testcase classname="com.base.baseclass" name="@AfterClass TearDown" time="0.0">
    <failure type="java.lang.Error" message="Unresolved compilation problems: 
	sw cannot be resolved to a type
	Syntax error on token &amp;quot;.&amp;quot;, ; expected
	The method quit() is undefined for the type baseclass
">
      <![CDATA[java.lang.Error: Unresolved compilation problems: 
sw cannot be resolved to a type
Syntax error on token ".", ; expected
The method quit() is undefined for the type baseclass

at com.base.baseclass.TearDown(baseclass.java:46)
at java.base/java.util.ArrayList.forEach(ArrayList.java:1511)
... Removed 25 stack frames]]>
    </failure>
  </testcase> <!-- @AfterClass TearDown -->
  <testcase classname="com.Testcases.TC_Alert_001" name="Alert" time="6.119"/>
  <testcase classname="com.Testcases.TC_Animation_Reversing_002" name="reversing" time="7.376"/>
  <testcase classname="com.Testcases.TC_Notification_003" name="Notify" time="6.153"/>
  <testcase classname="com.Testcases.TC_scroll_Click_Switch_004" name="switchScroll" time="13.37"/>
</testsuite> <!-- Test -->
